<?xml version="1.0" encoding="UTF-8"?>
<testsuite name="org.openapitools.client.models.CanonicalCreateQRReqTest" tests="5" skipped="0" failures="0" errors="0" timestamp="2025-11-23T10:00:01.825Z" hostname="Dom-MacBook" time="0.003">
  <properties/>
  <testcase name="should test referenceId" classname="org.openapitools.client.models.CanonicalCreateQRReqTest" time="0.003"/>
  <testcase name="should test type" classname="org.openapitools.client.models.CanonicalCreateQRReqTest" time="0.002"/>
  <testcase name="should test amount" classname="org.openapitools.client.models.CanonicalCreateQRReqTest" time="0.001"/>
  <testcase name="should test submerchantId" classname="org.openapitools.client.models.CanonicalCreateQRReqTest" time="0.001"/>
  <testcase name="should test metadata" classname="org.openapitools.client.models.CanonicalCreateQRReqTest" time="0.0"/>
  <system-out><![CDATA[]]></system-out>
  <system-err><![CDATA[]]></system-err>
</testsuite>
