<?xml version="1.0" encoding="UTF-8"?>
<testsuite name="org.openapitools.client.models.PayoutDestinationResponseTest" tests="4" skipped="0" failures="0" errors="0" timestamp="2025-11-23T10:00:01.881Z" hostname="Dom-MacBook" time="0.002">
  <properties/>
  <testcase name="should test firstName" classname="org.openapitools.client.models.PayoutDestinationResponseTest" time="0.002"/>
  <testcase name="should test lastName" classname="org.openapitools.client.models.PayoutDestinationResponseTest" time="0.001"/>
  <testcase name="should test bankCode" classname="org.openapitools.client.models.PayoutDestinationResponseTest" time="0.001"/>
  <testcase name="should test accountNumber" classname="org.openapitools.client.models.PayoutDestinationResponseTest" time="0.0"/>
  <system-out><![CDATA[]]></system-out>
  <system-err><![CDATA[]]></system-err>
</testsuite>
