<?xml version="1.0" encoding="UTF-8"?>
<testsuite name="org.openapitools.client.models.ValidationErrorTest" tests="3" skipped="0" failures="0" errors="0" timestamp="2025-11-23T10:00:01.944Z" hostname="Dom-MacBook" time="0.001">
  <properties/>
  <testcase name="should test loc" classname="org.openapitools.client.models.ValidationErrorTest" time="0.001"/>
  <testcase name="should test msg" classname="org.openapitools.client.models.ValidationErrorTest" time="0.001"/>
  <testcase name="should test type" classname="org.openapitools.client.models.ValidationErrorTest" time="0.0"/>
  <system-out><![CDATA[]]></system-out>
  <system-err><![CDATA[]]></system-err>
</testsuite>
