<?xml version="1.0" encoding="UTF-8"?>
<testsuite name="org.openapitools.client.apis.PayoutsApiTest" tests="3" skipped="0" failures="0" errors="0" timestamp="2025-11-23T10:00:01.914Z" hostname="Dom-MacBook" time="0.001">
  <properties/>
  <testcase name="should test createPayoutV1PayoutsPost" classname="org.openapitools.client.apis.PayoutsApiTest" time="0.001"/>
  <testcase name="should test getPayoutV1PayoutsPayoutIdGet" classname="org.openapitools.client.apis.PayoutsApiTest" time="0.0"/>
  <testcase name="should test listPayoutsV1PayoutsGet" classname="org.openapitools.client.apis.PayoutsApiTest" time="0.0"/>
  <system-out><![CDATA[]]></system-out>
  <system-err><![CDATA[]]></system-err>
</testsuite>
