<?xml version="1.0" encoding="UTF-8"?>
<testsuite name="org.openapitools.client.models.PaymentCollectionResponseTest" tests="3" skipped="0" failures="0" errors="0" timestamp="2025-11-23T10:00:01.832Z" hostname="Dom-MacBook" time="0.002">
  <properties/>
  <testcase name="should test `data`" classname="org.openapitools.client.models.PaymentCollectionResponseTest" time="0.002"/>
  <testcase name="should test limit" classname="org.openapitools.client.models.PaymentCollectionResponseTest" time="0.001"/>
  <testcase name="should test nextCursor" classname="org.openapitools.client.models.PaymentCollectionResponseTest" time="0.001"/>
  <system-out><![CDATA[]]></system-out>
  <system-err><![CDATA[]]></system-err>
</testsuite>
