<?xml version="1.0" encoding="UTF-8"?>
<testsuite name="org.openapitools.client.models.PaymentResponseTest" tests="12" skipped="0" failures="0" errors="0" timestamp="2025-11-23T10:00:01.841Z" hostname="Dom-MacBook" time="0.011">
  <properties/>
  <testcase name="should test id" classname="org.openapitools.client.models.PaymentResponseTest" time="0.009"/>
  <testcase name="should test qrphId" classname="org.openapitools.client.models.PaymentResponseTest" time="0.009"/>
  <testcase name="should test createdAt" classname="org.openapitools.client.models.PaymentResponseTest" time="0.008"/>
  <testcase name="should test updatedAt" classname="org.openapitools.client.models.PaymentResponseTest" time="0.007"/>
  <testcase name="should test livemode" classname="org.openapitools.client.models.PaymentResponseTest" time="0.005"/>
  <testcase name="should test status" classname="org.openapitools.client.models.PaymentResponseTest" time="0.004"/>
  <testcase name="should test amount" classname="org.openapitools.client.models.PaymentResponseTest" time="0.003"/>
  <testcase name="should test magpieMdr" classname="org.openapitools.client.models.PaymentResponseTest" time="0.003"/>
  <testcase name="should test magpieFee" classname="org.openapitools.client.models.PaymentResponseTest" time="0.002"/>
  <testcase name="should test merchantNetAmount" classname="org.openapitools.client.models.PaymentResponseTest" time="0.003"/>
  <testcase name="should test paymentSource" classname="org.openapitools.client.models.PaymentResponseTest" time="0.002"/>
  <testcase name="should test paidAt" classname="org.openapitools.client.models.PaymentResponseTest" time="0.002"/>
  <system-out><![CDATA[]]></system-out>
  <system-err><![CDATA[]]></system-err>
</testsuite>
