<?xml version="1.0" encoding="UTF-8"?>
<testsuite name="org.openapitools.client.apis.PaymentsApiTest" tests="2" skipped="0" failures="0" errors="0" timestamp="2025-11-23T10:00:01.859Z" hostname="Dom-MacBook" time="0.002">
  <properties/>
  <testcase name="should test getPaymentV1PaymentsPaymentIdGet" classname="org.openapitools.client.apis.PaymentsApiTest" time="0.002"/>
  <testcase name="should test listPaymentsV1PaymentsGet" classname="org.openapitools.client.apis.PaymentsApiTest" time="0.001"/>
  <system-out><![CDATA[]]></system-out>
  <system-err><![CDATA[]]></system-err>
</testsuite>
