<?xml version="1.0" encoding="UTF-8"?>
<testsuite name="org.openapitools.client.models.ApiErrorTest" tests="4" skipped="0" failures="0" errors="0" timestamp="2025-11-23T10:00:01.807Z" hostname="Dom-MacBook" time="0.006">
  <properties/>
  <testcase name="should test code" classname="org.openapitools.client.models.ApiErrorTest" time="0.005"/>
  <testcase name="should test message" classname="org.openapitools.client.models.ApiErrorTest" time="0.004"/>
  <testcase name="should test requestId" classname="org.openapitools.client.models.ApiErrorTest" time="0.003"/>
  <testcase name="should test details" classname="org.openapitools.client.models.ApiErrorTest" time="0.002"/>
  <system-out><![CDATA[]]></system-out>
  <system-err><![CDATA[]]></system-err>
</testsuite>
