<?xml version="1.0" encoding="UTF-8"?>
<testsuite name="org.openapitools.client.models.PayoutCreateRequestTest" tests="7" skipped="0" failures="0" errors="0" timestamp="2025-11-23T10:00:01.874Z" hostname="Dom-MacBook" time="0.004">
  <properties/>
  <testcase name="should test referenceId" classname="org.openapitools.client.models.PayoutCreateRequestTest" time="0.004"/>
  <testcase name="should test channel" classname="org.openapitools.client.models.PayoutCreateRequestTest" time="0.003"/>
  <testcase name="should test amount" classname="org.openapitools.client.models.PayoutCreateRequestTest" time="0.003"/>
  <testcase name="should test sourceAccountId" classname="org.openapitools.client.models.PayoutCreateRequestTest" time="0.003"/>
  <testcase name="should test destination" classname="org.openapitools.client.models.PayoutCreateRequestTest" time="0.002"/>
  <testcase name="should test purpose" classname="org.openapitools.client.models.PayoutCreateRequestTest" time="0.001"/>
  <testcase name="should test metadata" classname="org.openapitools.client.models.PayoutCreateRequestTest" time="0.0"/>
  <system-out><![CDATA[]]></system-out>
  <system-err><![CDATA[]]></system-err>
</testsuite>
